2017-11-15 11:08:18,820 DEBUG [io.netty.util.internal.logging.InternalLoggerFactory] - Using SLF4J as the default logging framework
2017-11-15 11:08:18,839 DEBUG [io.netty.channel.MultithreadEventLoopGroup] - -Dio.netty.eventLoopThreads: 8
2017-11-15 11:08:19,169 DEBUG [io.netty.util.internal.PlatformDependent0] - java.nio.Buffer.address: available
2017-11-15 11:08:19,170 DEBUG [io.netty.util.internal.PlatformDependent0] - sun.misc.Unsafe.theUnsafe: available
2017-11-15 11:08:19,170 DEBUG [io.netty.util.internal.PlatformDependent0] - sun.misc.Unsafe.copyMemory: available
2017-11-15 11:08:19,171 DEBUG [io.netty.util.internal.PlatformDependent0] - java.nio.Bits.unaligned: true
2017-11-15 11:08:19,171 DEBUG [io.netty.util.internal.PlatformDependent] - Platform: Windows
2017-11-15 11:08:19,175 DEBUG [io.netty.util.internal.PlatformDependent] - Java version: 8
2017-11-15 11:08:19,175 DEBUG [io.netty.util.internal.PlatformDependent] - -Dio.netty.noUnsafe: false
2017-11-15 11:08:19,176 DEBUG [io.netty.util.internal.PlatformDependent] - sun.misc.Unsafe: available
2017-11-15 11:08:19,176 DEBUG [io.netty.util.internal.PlatformDependent] - -Dio.netty.noJavassist: false
2017-11-15 11:08:19,177 DEBUG [io.netty.util.internal.PlatformDependent] - Javassist: unavailable
2017-11-15 11:08:19,177 DEBUG [io.netty.util.internal.PlatformDependent] - You don't have Javassist in your class path or you don't have enough permission to load dynamically generated classes.  Please check the configuration for better performance.
2017-11-15 11:08:19,178 DEBUG [io.netty.util.internal.PlatformDependent] - -Dio.netty.tmpdir: C:\Users\QIZW19~1\AppData\Local\Temp (java.io.tmpdir)
2017-11-15 11:08:19,178 DEBUG [io.netty.util.internal.PlatformDependent] - -Dio.netty.bitMode: 64 (sun.arch.data.model)
2017-11-15 11:08:19,178 DEBUG [io.netty.util.internal.PlatformDependent] - -Dio.netty.noPreferDirect: false
2017-11-15 11:08:19,179 DEBUG [io.netty.channel.nio.NioEventLoop] - -Dio.netty.noKeySetOptimization: false
2017-11-15 11:08:19,179 DEBUG [io.netty.channel.nio.NioEventLoop] - -Dio.netty.selectorAutoRebuildThreshold: 512
2017-11-15 11:08:39,693 DEBUG [io.netty.util.internal.logging.InternalLoggerFactory] - Using SLF4J as the default logging framework
2017-11-15 11:08:39,702 DEBUG [io.netty.channel.MultithreadEventLoopGroup] - -Dio.netty.eventLoopThreads: 8
2017-11-15 11:08:39,760 DEBUG [io.netty.util.internal.PlatformDependent0] - java.nio.Buffer.address: available
2017-11-15 11:08:39,760 DEBUG [io.netty.util.internal.PlatformDependent0] - sun.misc.Unsafe.theUnsafe: available
2017-11-15 11:08:39,761 DEBUG [io.netty.util.internal.PlatformDependent0] - sun.misc.Unsafe.copyMemory: available
2017-11-15 11:08:39,761 DEBUG [io.netty.util.internal.PlatformDependent0] - java.nio.Bits.unaligned: true
2017-11-15 11:08:39,761 DEBUG [io.netty.util.internal.PlatformDependent] - Platform: Windows
2017-11-15 11:08:39,762 DEBUG [io.netty.util.internal.PlatformDependent] - Java version: 8
2017-11-15 11:08:39,762 DEBUG [io.netty.util.internal.PlatformDependent] - -Dio.netty.noUnsafe: false
2017-11-15 11:08:39,762 DEBUG [io.netty.util.internal.PlatformDependent] - sun.misc.Unsafe: available
2017-11-15 11:08:39,762 DEBUG [io.netty.util.internal.PlatformDependent] - -Dio.netty.noJavassist: false
2017-11-15 11:08:39,763 DEBUG [io.netty.util.internal.PlatformDependent] - Javassist: unavailable
2017-11-15 11:08:39,763 DEBUG [io.netty.util.internal.PlatformDependent] - You don't have Javassist in your class path or you don't have enough permission to load dynamically generated classes.  Please check the configuration for better performance.
2017-11-15 11:08:39,764 DEBUG [io.netty.util.internal.PlatformDependent] - -Dio.netty.tmpdir: C:\Users\QIZW19~1\AppData\Local\Temp (java.io.tmpdir)
2017-11-15 11:08:39,764 DEBUG [io.netty.util.internal.PlatformDependent] - -Dio.netty.bitMode: 64 (sun.arch.data.model)
2017-11-15 11:08:39,764 DEBUG [io.netty.util.internal.PlatformDependent] - -Dio.netty.noPreferDirect: false
2017-11-15 11:08:39,765 DEBUG [io.netty.channel.nio.NioEventLoop] - -Dio.netty.noKeySetOptimization: false
2017-11-15 11:08:39,765 DEBUG [io.netty.channel.nio.NioEventLoop] - -Dio.netty.selectorAutoRebuildThreshold: 512
2017-11-15 11:08:40,274 DEBUG [io.netty.channel.DefaultChannelId] - -Dio.netty.processId: 157956 (auto-detected)
2017-11-15 11:08:40,468 DEBUG [io.netty.channel.DefaultChannelId] - -Dio.netty.machineId: f8:59:71:ff:fe:3a:a4:ad (auto-detected)
2017-11-15 11:08:40,471 DEBUG [io.netty.util.internal.ThreadLocalRandom] - -Dio.netty.initialSeedUniquifier: 0x85763f230600001f (took 19 ms)
2017-11-15 11:08:40,537 DEBUG [io.netty.buffer.PooledByteBufAllocator] - -Dio.netty.allocator.numHeapArenas: 4
2017-11-15 11:08:40,537 DEBUG [io.netty.buffer.PooledByteBufAllocator] - -Dio.netty.allocator.numDirectArenas: 4
2017-11-15 11:08:40,537 DEBUG [io.netty.buffer.PooledByteBufAllocator] - -Dio.netty.allocator.pageSize: 8192
2017-11-15 11:08:40,537 DEBUG [io.netty.buffer.PooledByteBufAllocator] - -Dio.netty.allocator.maxOrder: 11
2017-11-15 11:08:40,537 DEBUG [io.netty.buffer.PooledByteBufAllocator] - -Dio.netty.allocator.chunkSize: 16777216
2017-11-15 11:08:40,537 DEBUG [io.netty.buffer.PooledByteBufAllocator] - -Dio.netty.allocator.tinyCacheSize: 512
2017-11-15 11:08:40,537 DEBUG [io.netty.buffer.PooledByteBufAllocator] - -Dio.netty.allocator.smallCacheSize: 256
2017-11-15 11:08:40,537 DEBUG [io.netty.buffer.PooledByteBufAllocator] - -Dio.netty.allocator.normalCacheSize: 64
2017-11-15 11:08:40,537 DEBUG [io.netty.buffer.PooledByteBufAllocator] - -Dio.netty.allocator.maxCachedBufferCapacity: 32768
2017-11-15 11:08:40,537 DEBUG [io.netty.buffer.PooledByteBufAllocator] - -Dio.netty.allocator.cacheTrimInterval: 8192
2017-11-15 11:08:40,545 DEBUG [io.netty.buffer.ByteBufUtil] - -Dio.netty.allocator.type: pooled
2017-11-15 11:08:40,545 DEBUG [io.netty.buffer.ByteBufUtil] - -Dio.netty.threadLocalDirectBufferSize: 65536
2017-11-15 11:08:40,755 DEBUG [io.netty.util.NetUtil] - Loopback interface: lo (Software Loopback Interface 1, 127.0.0.1)
2017-11-15 11:08:40,756 DEBUG [io.netty.util.NetUtil] - \proc\sys\net\core\somaxconn: 200 (non-existent)
2017-11-15 11:08:40,773 DEBUG [io.netty.handler.logging.LoggingHandler] - [id: 0x1d1ec00d] REGISTERED
2017-11-15 11:08:40,775 DEBUG [io.netty.handler.logging.LoggingHandler] - [id: 0x1d1ec00d] BIND: 0.0.0.0/0.0.0.0:9111
2017-11-15 11:08:40,780 DEBUG [io.netty.handler.logging.LoggingHandler] - [id: 0x1d1ec00d, /0:0:0:0:0:0:0:0:9111] ACTIVE
2017-11-15 11:10:34,059 DEBUG [io.netty.util.internal.logging.InternalLoggerFactory] - Using SLF4J as the default logging framework
2017-11-15 11:10:34,069 DEBUG [io.netty.channel.MultithreadEventLoopGroup] - -Dio.netty.eventLoopThreads: 8
2017-11-15 11:10:34,122 DEBUG [io.netty.util.internal.PlatformDependent0] - java.nio.Buffer.address: available
2017-11-15 11:10:34,122 DEBUG [io.netty.util.internal.PlatformDependent0] - sun.misc.Unsafe.theUnsafe: available
2017-11-15 11:10:34,122 DEBUG [io.netty.util.internal.PlatformDependent0] - sun.misc.Unsafe.copyMemory: available
2017-11-15 11:10:34,123 DEBUG [io.netty.util.internal.PlatformDependent0] - java.nio.Bits.unaligned: true
2017-11-15 11:10:34,123 DEBUG [io.netty.util.internal.PlatformDependent] - Platform: Windows
2017-11-15 11:10:34,123 DEBUG [io.netty.util.internal.PlatformDependent] - Java version: 8
2017-11-15 11:10:34,123 DEBUG [io.netty.util.internal.PlatformDependent] - -Dio.netty.noUnsafe: false
2017-11-15 11:10:34,124 DEBUG [io.netty.util.internal.PlatformDependent] - sun.misc.Unsafe: available
2017-11-15 11:10:34,124 DEBUG [io.netty.util.internal.PlatformDependent] - -Dio.netty.noJavassist: false
2017-11-15 11:10:34,125 DEBUG [io.netty.util.internal.PlatformDependent] - Javassist: unavailable
2017-11-15 11:10:34,125 DEBUG [io.netty.util.internal.PlatformDependent] - You don't have Javassist in your class path or you don't have enough permission to load dynamically generated classes.  Please check the configuration for better performance.
2017-11-15 11:10:34,125 DEBUG [io.netty.util.internal.PlatformDependent] - -Dio.netty.tmpdir: C:\Users\QIZW19~1\AppData\Local\Temp (java.io.tmpdir)
2017-11-15 11:10:34,126 DEBUG [io.netty.util.internal.PlatformDependent] - -Dio.netty.bitMode: 64 (sun.arch.data.model)
2017-11-15 11:10:34,126 DEBUG [io.netty.util.internal.PlatformDependent] - -Dio.netty.noPreferDirect: false
2017-11-15 11:10:34,126 DEBUG [io.netty.channel.nio.NioEventLoop] - -Dio.netty.noKeySetOptimization: false
2017-11-15 11:10:34,126 DEBUG [io.netty.channel.nio.NioEventLoop] - -Dio.netty.selectorAutoRebuildThreshold: 512
2017-11-15 11:10:34,582 DEBUG [io.netty.channel.DefaultChannelId] - -Dio.netty.processId: 159912 (auto-detected)
2017-11-15 11:10:34,856 DEBUG [io.netty.channel.DefaultChannelId] - -Dio.netty.machineId: f8:59:71:ff:fe:3a:a4:ad (auto-detected)
2017-11-15 11:10:34,858 DEBUG [io.netty.util.internal.ThreadLocalRandom] - -Dio.netty.initialSeedUniquifier: 0x04dda65c755d6a64 (took 31 ms)
2017-11-15 11:10:34,927 DEBUG [io.netty.buffer.PooledByteBufAllocator] - -Dio.netty.allocator.numHeapArenas: 4
2017-11-15 11:10:34,927 DEBUG [io.netty.buffer.PooledByteBufAllocator] - -Dio.netty.allocator.numDirectArenas: 4
2017-11-15 11:10:34,927 DEBUG [io.netty.buffer.PooledByteBufAllocator] - -Dio.netty.allocator.pageSize: 8192
2017-11-15 11:10:34,928 DEBUG [io.netty.buffer.PooledByteBufAllocator] - -Dio.netty.allocator.maxOrder: 11
2017-11-15 11:10:34,928 DEBUG [io.netty.buffer.PooledByteBufAllocator] - -Dio.netty.allocator.chunkSize: 16777216
2017-11-15 11:10:34,928 DEBUG [io.netty.buffer.PooledByteBufAllocator] - -Dio.netty.allocator.tinyCacheSize: 512
2017-11-15 11:10:34,928 DEBUG [io.netty.buffer.PooledByteBufAllocator] - -Dio.netty.allocator.smallCacheSize: 256
2017-11-15 11:10:34,928 DEBUG [io.netty.buffer.PooledByteBufAllocator] - -Dio.netty.allocator.normalCacheSize: 64
2017-11-15 11:10:34,928 DEBUG [io.netty.buffer.PooledByteBufAllocator] - -Dio.netty.allocator.maxCachedBufferCapacity: 32768
2017-11-15 11:10:34,928 DEBUG [io.netty.buffer.PooledByteBufAllocator] - -Dio.netty.allocator.cacheTrimInterval: 8192
2017-11-15 11:10:34,937 DEBUG [io.netty.buffer.ByteBufUtil] - -Dio.netty.allocator.type: pooled
2017-11-15 11:10:34,939 DEBUG [io.netty.buffer.ByteBufUtil] - -Dio.netty.threadLocalDirectBufferSize: 65536
2017-11-15 11:10:35,216 DEBUG [io.netty.util.NetUtil] - Loopback interface: lo (Software Loopback Interface 1, 127.0.0.1)
2017-11-15 11:10:35,216 DEBUG [io.netty.util.NetUtil] - \proc\sys\net\core\somaxconn: 200 (non-existent)
2017-11-15 11:10:35,239 DEBUG [io.netty.handler.logging.LoggingHandler] - [id: 0xb9ad6747] REGISTERED
2017-11-15 11:10:35,245 DEBUG [io.netty.handler.logging.LoggingHandler] - [id: 0xb9ad6747] BIND: 0.0.0.0/0.0.0.0:9111
2017-11-15 11:10:35,250 DEBUG [io.netty.handler.logging.LoggingHandler] - [id: 0xb9ad6747, /0:0:0:0:0:0:0:0:9111] ACTIVE
2017-11-15 13:31:28,062 DEBUG [io.netty.util.internal.logging.InternalLoggerFactory] - Using SLF4J as the default logging framework
2017-11-15 13:31:28,075 DEBUG [io.netty.channel.MultithreadEventLoopGroup] - -Dio.netty.eventLoopThreads: 8
2017-11-15 13:31:28,141 DEBUG [io.netty.util.internal.PlatformDependent0] - java.nio.Buffer.address: available
2017-11-15 13:31:28,141 DEBUG [io.netty.util.internal.PlatformDependent0] - sun.misc.Unsafe.theUnsafe: available
2017-11-15 13:31:28,142 DEBUG [io.netty.util.internal.PlatformDependent0] - sun.misc.Unsafe.copyMemory: available
2017-11-15 13:31:28,142 DEBUG [io.netty.util.internal.PlatformDependent0] - java.nio.Bits.unaligned: true
2017-11-15 13:31:28,143 DEBUG [io.netty.util.internal.PlatformDependent] - Platform: Windows
2017-11-15 13:31:28,143 DEBUG [io.netty.util.internal.PlatformDependent] - Java version: 8
2017-11-15 13:31:28,143 DEBUG [io.netty.util.internal.PlatformDependent] - -Dio.netty.noUnsafe: false
2017-11-15 13:31:28,143 DEBUG [io.netty.util.internal.PlatformDependent] - sun.misc.Unsafe: available
2017-11-15 13:31:28,143 DEBUG [io.netty.util.internal.PlatformDependent] - -Dio.netty.noJavassist: false
2017-11-15 13:31:28,144 DEBUG [io.netty.util.internal.PlatformDependent] - Javassist: unavailable
2017-11-15 13:31:28,145 DEBUG [io.netty.util.internal.PlatformDependent] - You don't have Javassist in your class path or you don't have enough permission to load dynamically generated classes.  Please check the configuration for better performance.
2017-11-15 13:31:28,145 DEBUG [io.netty.util.internal.PlatformDependent] - -Dio.netty.tmpdir: C:\Users\QIZW19~1\AppData\Local\Temp (java.io.tmpdir)
2017-11-15 13:31:28,145 DEBUG [io.netty.util.internal.PlatformDependent] - -Dio.netty.bitMode: 64 (sun.arch.data.model)
2017-11-15 13:31:28,145 DEBUG [io.netty.util.internal.PlatformDependent] - -Dio.netty.noPreferDirect: false
2017-11-15 13:31:28,146 DEBUG [io.netty.channel.nio.NioEventLoop] - -Dio.netty.noKeySetOptimization: false
2017-11-15 13:31:28,146 DEBUG [io.netty.channel.nio.NioEventLoop] - -Dio.netty.selectorAutoRebuildThreshold: 512
2017-11-15 13:31:28,988 DEBUG [io.netty.channel.DefaultChannelId] - -Dio.netty.processId: 45444 (auto-detected)
2017-11-15 13:31:29,213 DEBUG [io.netty.channel.DefaultChannelId] - -Dio.netty.machineId: f8:59:71:ff:fe:3a:a4:ad (auto-detected)
2017-11-15 13:31:29,214 DEBUG [io.netty.util.internal.ThreadLocalRandom] - -Dio.netty.initialSeedUniquifier: 0x5f90aaa7e69fa191 (took 43 ms)
2017-11-15 13:31:29,298 DEBUG [io.netty.buffer.PooledByteBufAllocator] - -Dio.netty.allocator.numHeapArenas: 4
2017-11-15 13:31:29,298 DEBUG [io.netty.buffer.PooledByteBufAllocator] - -Dio.netty.allocator.numDirectArenas: 4
2017-11-15 13:31:29,298 DEBUG [io.netty.buffer.PooledByteBufAllocator] - -Dio.netty.allocator.pageSize: 8192
2017-11-15 13:31:29,298 DEBUG [io.netty.buffer.PooledByteBufAllocator] - -Dio.netty.allocator.maxOrder: 11
2017-11-15 13:31:29,299 DEBUG [io.netty.buffer.PooledByteBufAllocator] - -Dio.netty.allocator.chunkSize: 16777216
2017-11-15 13:31:29,299 DEBUG [io.netty.buffer.PooledByteBufAllocator] - -Dio.netty.allocator.tinyCacheSize: 512
2017-11-15 13:31:29,299 DEBUG [io.netty.buffer.PooledByteBufAllocator] - -Dio.netty.allocator.smallCacheSize: 256
2017-11-15 13:31:29,299 DEBUG [io.netty.buffer.PooledByteBufAllocator] - -Dio.netty.allocator.normalCacheSize: 64
2017-11-15 13:31:29,299 DEBUG [io.netty.buffer.PooledByteBufAllocator] - -Dio.netty.allocator.maxCachedBufferCapacity: 32768
2017-11-15 13:31:29,299 DEBUG [io.netty.buffer.PooledByteBufAllocator] - -Dio.netty.allocator.cacheTrimInterval: 8192
2017-11-15 13:31:29,305 DEBUG [io.netty.buffer.ByteBufUtil] - -Dio.netty.allocator.type: pooled
2017-11-15 13:31:29,305 DEBUG [io.netty.buffer.ByteBufUtil] - -Dio.netty.threadLocalDirectBufferSize: 65536
2017-11-15 13:31:29,523 DEBUG [io.netty.util.NetUtil] - Loopback interface: lo (Software Loopback Interface 1, 127.0.0.1)
2017-11-15 13:31:29,524 DEBUG [io.netty.util.NetUtil] - \proc\sys\net\core\somaxconn: 200 (non-existent)
2017-11-15 13:32:42,776 DEBUG [io.netty.util.internal.logging.InternalLoggerFactory] - Using SLF4J as the default logging framework
2017-11-15 13:32:42,828 DEBUG [io.netty.channel.MultithreadEventLoopGroup] - -Dio.netty.eventLoopThreads: 8
2017-11-15 13:32:43,135 DEBUG [io.netty.util.internal.PlatformDependent0] - java.nio.Buffer.address: available
2017-11-15 13:32:43,136 DEBUG [io.netty.util.internal.PlatformDependent0] - sun.misc.Unsafe.theUnsafe: available
2017-11-15 13:32:43,136 DEBUG [io.netty.util.internal.PlatformDependent0] - sun.misc.Unsafe.copyMemory: available
2017-11-15 13:32:43,137 DEBUG [io.netty.util.internal.PlatformDependent0] - java.nio.Bits.unaligned: true
2017-11-15 13:32:43,138 DEBUG [io.netty.util.internal.PlatformDependent] - Platform: Windows
2017-11-15 13:32:43,138 DEBUG [io.netty.util.internal.PlatformDependent] - Java version: 8
2017-11-15 13:32:43,138 DEBUG [io.netty.util.internal.PlatformDependent] - -Dio.netty.noUnsafe: false
2017-11-15 13:32:43,138 DEBUG [io.netty.util.internal.PlatformDependent] - sun.misc.Unsafe: available
2017-11-15 13:32:43,139 DEBUG [io.netty.util.internal.PlatformDependent] - -Dio.netty.noJavassist: false
2017-11-15 13:32:43,140 DEBUG [io.netty.util.internal.PlatformDependent] - Javassist: unavailable
2017-11-15 13:32:43,140 DEBUG [io.netty.util.internal.PlatformDependent] - You don't have Javassist in your class path or you don't have enough permission to load dynamically generated classes.  Please check the configuration for better performance.
2017-11-15 13:32:43,141 DEBUG [io.netty.util.internal.PlatformDependent] - -Dio.netty.tmpdir: C:\Users\QIZW19~1\AppData\Local\Temp (java.io.tmpdir)
2017-11-15 13:32:43,141 DEBUG [io.netty.util.internal.PlatformDependent] - -Dio.netty.bitMode: 64 (sun.arch.data.model)
2017-11-15 13:32:43,141 DEBUG [io.netty.util.internal.PlatformDependent] - -Dio.netty.noPreferDirect: false
2017-11-15 13:32:43,142 DEBUG [io.netty.channel.nio.NioEventLoop] - -Dio.netty.noKeySetOptimization: false
2017-11-15 13:32:43,142 DEBUG [io.netty.channel.nio.NioEventLoop] - -Dio.netty.selectorAutoRebuildThreshold: 512
2017-11-15 13:32:43,874 DEBUG [io.netty.channel.DefaultChannelId] - -Dio.netty.processId: 225712 (auto-detected)
2017-11-15 13:32:44,179 DEBUG [io.netty.channel.DefaultChannelId] - -Dio.netty.machineId: f8:59:71:ff:fe:3a:a4:ad (auto-detected)
2017-11-15 13:32:44,181 DEBUG [io.netty.util.internal.ThreadLocalRandom] - -Dio.netty.initialSeedUniquifier: 0x0f9455ca42877646 (took 192 ms)
2017-11-15 13:32:44,239 DEBUG [io.netty.buffer.PooledByteBufAllocator] - -Dio.netty.allocator.numHeapArenas: 4
2017-11-15 13:32:44,239 DEBUG [io.netty.buffer.PooledByteBufAllocator] - -Dio.netty.allocator.numDirectArenas: 4
2017-11-15 13:32:44,239 DEBUG [io.netty.buffer.PooledByteBufAllocator] - -Dio.netty.allocator.pageSize: 8192
2017-11-15 13:32:44,239 DEBUG [io.netty.buffer.PooledByteBufAllocator] - -Dio.netty.allocator.maxOrder: 11
2017-11-15 13:32:44,239 DEBUG [io.netty.buffer.PooledByteBufAllocator] - -Dio.netty.allocator.chunkSize: 16777216
2017-11-15 13:32:44,240 DEBUG [io.netty.buffer.PooledByteBufAllocator] - -Dio.netty.allocator.tinyCacheSize: 512
2017-11-15 13:32:44,240 DEBUG [io.netty.buffer.PooledByteBufAllocator] - -Dio.netty.allocator.smallCacheSize: 256
2017-11-15 13:32:44,240 DEBUG [io.netty.buffer.PooledByteBufAllocator] - -Dio.netty.allocator.normalCacheSize: 64
2017-11-15 13:32:44,240 DEBUG [io.netty.buffer.PooledByteBufAllocator] - -Dio.netty.allocator.maxCachedBufferCapacity: 32768
2017-11-15 13:32:44,240 DEBUG [io.netty.buffer.PooledByteBufAllocator] - -Dio.netty.allocator.cacheTrimInterval: 8192
2017-11-15 13:32:44,253 DEBUG [io.netty.buffer.ByteBufUtil] - -Dio.netty.allocator.type: pooled
2017-11-15 13:32:44,253 DEBUG [io.netty.buffer.ByteBufUtil] - -Dio.netty.threadLocalDirectBufferSize: 65536
2017-11-15 13:32:44,546 DEBUG [io.netty.util.NetUtil] - Loopback interface: lo (Software Loopback Interface 1, 127.0.0.1)
2017-11-15 13:32:44,546 DEBUG [io.netty.util.NetUtil] - \proc\sys\net\core\somaxconn: 200 (non-existent)
2017-11-15 13:32:50,971 DEBUG [io.netty.util.internal.logging.InternalLoggerFactory] - Using SLF4J as the default logging framework
2017-11-15 13:32:50,980 DEBUG [io.netty.channel.MultithreadEventLoopGroup] - -Dio.netty.eventLoopThreads: 8
2017-11-15 13:32:51,042 DEBUG [io.netty.util.internal.PlatformDependent0] - java.nio.Buffer.address: available
2017-11-15 13:32:51,042 DEBUG [io.netty.util.internal.PlatformDependent0] - sun.misc.Unsafe.theUnsafe: available
2017-11-15 13:32:51,042 DEBUG [io.netty.util.internal.PlatformDependent0] - sun.misc.Unsafe.copyMemory: available
2017-11-15 13:32:51,043 DEBUG [io.netty.util.internal.PlatformDependent0] - java.nio.Bits.unaligned: true
2017-11-15 13:32:51,043 DEBUG [io.netty.util.internal.PlatformDependent] - Platform: Windows
2017-11-15 13:32:51,043 DEBUG [io.netty.util.internal.PlatformDependent] - Java version: 8
2017-11-15 13:32:51,043 DEBUG [io.netty.util.internal.PlatformDependent] - -Dio.netty.noUnsafe: false
2017-11-15 13:32:51,043 DEBUG [io.netty.util.internal.PlatformDependent] - sun.misc.Unsafe: available
2017-11-15 13:32:51,044 DEBUG [io.netty.util.internal.PlatformDependent] - -Dio.netty.noJavassist: false
2017-11-15 13:32:51,049 DEBUG [io.netty.util.internal.PlatformDependent] - Javassist: unavailable
2017-11-15 13:32:51,049 DEBUG [io.netty.util.internal.PlatformDependent] - You don't have Javassist in your class path or you don't have enough permission to load dynamically generated classes.  Please check the configuration for better performance.
2017-11-15 13:32:51,049 DEBUG [io.netty.util.internal.PlatformDependent] - -Dio.netty.tmpdir: C:\Users\QIZW19~1\AppData\Local\Temp (java.io.tmpdir)
2017-11-15 13:32:51,050 DEBUG [io.netty.util.internal.PlatformDependent] - -Dio.netty.bitMode: 64 (sun.arch.data.model)
2017-11-15 13:32:51,050 DEBUG [io.netty.util.internal.PlatformDependent] - -Dio.netty.noPreferDirect: false
2017-11-15 13:32:51,051 DEBUG [io.netty.channel.nio.NioEventLoop] - -Dio.netty.noKeySetOptimization: false
2017-11-15 13:32:51,051 DEBUG [io.netty.channel.nio.NioEventLoop] - -Dio.netty.selectorAutoRebuildThreshold: 512
2017-11-15 13:32:51,473 DEBUG [io.netty.channel.DefaultChannelId] - -Dio.netty.processId: 225244 (auto-detected)
2017-11-15 13:32:51,669 DEBUG [io.netty.channel.DefaultChannelId] - -Dio.netty.machineId: f8:59:71:ff:fe:3a:a4:ad (auto-detected)
2017-11-15 13:32:51,670 DEBUG [io.netty.util.internal.ThreadLocalRandom] - -Dio.netty.initialSeedUniquifier: 0x6aab696573c837cf (took 32 ms)
2017-11-15 13:32:51,720 DEBUG [io.netty.buffer.PooledByteBufAllocator] - -Dio.netty.allocator.numHeapArenas: 4
2017-11-15 13:32:51,720 DEBUG [io.netty.buffer.PooledByteBufAllocator] - -Dio.netty.allocator.numDirectArenas: 4
2017-11-15 13:32:51,720 DEBUG [io.netty.buffer.PooledByteBufAllocator] - -Dio.netty.allocator.pageSize: 8192
2017-11-15 13:32:51,720 DEBUG [io.netty.buffer.PooledByteBufAllocator] - -Dio.netty.allocator.maxOrder: 11
2017-11-15 13:32:51,721 DEBUG [io.netty.buffer.PooledByteBufAllocator] - -Dio.netty.allocator.chunkSize: 16777216
2017-11-15 13:32:51,721 DEBUG [io.netty.buffer.PooledByteBufAllocator] - -Dio.netty.allocator.tinyCacheSize: 512
2017-11-15 13:32:51,721 DEBUG [io.netty.buffer.PooledByteBufAllocator] - -Dio.netty.allocator.smallCacheSize: 256
2017-11-15 13:32:51,721 DEBUG [io.netty.buffer.PooledByteBufAllocator] - -Dio.netty.allocator.normalCacheSize: 64
2017-11-15 13:32:51,721 DEBUG [io.netty.buffer.PooledByteBufAllocator] - -Dio.netty.allocator.maxCachedBufferCapacity: 32768
2017-11-15 13:32:51,721 DEBUG [io.netty.buffer.PooledByteBufAllocator] - -Dio.netty.allocator.cacheTrimInterval: 8192
2017-11-15 13:32:51,729 DEBUG [io.netty.buffer.ByteBufUtil] - -Dio.netty.allocator.type: pooled
2017-11-15 13:32:51,730 DEBUG [io.netty.buffer.ByteBufUtil] - -Dio.netty.threadLocalDirectBufferSize: 65536
2017-11-15 13:32:51,824 INFO [com.zeewane.netty.hello.HelloClientIntHandler] - HelloClientIntHandler.channelActive
2017-11-15 13:32:51,847 DEBUG [io.netty.util.ResourceLeakDetector] - -Dio.netty.leakDetectionLevel: simple
2017-11-15 13:32:51,849 DEBUG [io.netty.util.Recycler] - -Dio.netty.recycler.maxCapacity: 262144
2017-11-15 13:32:51,876 DEBUG [io.netty.util.ResourceLeakDetector] - -Dio.netty.leakDetectionLevel: simple
2017-11-15 13:32:51,878 DEBUG [io.netty.util.Recycler] - -Dio.netty.recycler.maxCapacity: 262144
2017-11-15 13:32:51,888 INFO [com.zeewane.netty.hello.HelloServerInHandler] - HelloServerInHandler.channelRead
2017-11-15 13:32:51,890 INFO [com.zeewane.netty.hello.HelloClientIntHandler] - HelloClientIntHandler.channelRead
2017-11-15 13:33:24,171 WARN [io.netty.channel.DefaultChannelPipeline] - An exceptionCaught() event was fired, and it reached at the tail of the pipeline. It usually means the last handler in the pipeline did not handle the exception.
java.io.IOException: 远程主机强迫关闭了一个现有的连接。
	at sun.nio.ch.SocketDispatcher.read0(Native Method)
	at sun.nio.ch.SocketDispatcher.read(SocketDispatcher.java:43)
	at sun.nio.ch.IOUtil.readIntoNativeBuffer(IOUtil.java:223)
	at sun.nio.ch.IOUtil.read(IOUtil.java:192)
	at sun.nio.ch.SocketChannelImpl.read(SocketChannelImpl.java:380)
	at io.netty.buffer.PooledUnsafeDirectByteBuf.setBytes(PooledUnsafeDirectByteBuf.java:311)
	at io.netty.buffer.AbstractByteBuf.writeBytes(AbstractByteBuf.java:853)
	at io.netty.channel.socket.nio.NioSocketChannel.doReadBytes(NioSocketChannel.java:240)
	at io.netty.channel.nio.AbstractNioByteChannel$NioByteUnsafe.read(AbstractNioByteChannel.java:115)
	at io.netty.channel.nio.NioEventLoop.processSelectedKey(NioEventLoop.java:514)
	at io.netty.channel.nio.NioEventLoop.processSelectedKeysOptimized(NioEventLoop.java:471)
	at io.netty.channel.nio.NioEventLoop.processSelectedKeys(NioEventLoop.java:385)
	at io.netty.channel.nio.NioEventLoop.run(NioEventLoop.java:351)
	at io.netty.util.concurrent.SingleThreadEventExecutor$2.run(SingleThreadEventExecutor.java:116)
	at io.netty.util.internal.chmv8.ForkJoinTask$RunnableExecuteAction.exec(ForkJoinTask.java:1412)
	at io.netty.util.internal.chmv8.ForkJoinTask.doExec(ForkJoinTask.java:280)
	at io.netty.util.internal.chmv8.ForkJoinPool$WorkQueue.runTask(ForkJoinPool.java:877)
	at io.netty.util.internal.chmv8.ForkJoinPool.scan(ForkJoinPool.java:1706)
	at io.netty.util.internal.chmv8.ForkJoinPool.runWorker(ForkJoinPool.java:1661)
	at io.netty.util.internal.chmv8.ForkJoinWorkerThread.run(ForkJoinWorkerThread.java:126)
